{"C:\\Users\\adria.huertas\\Documents\\repos\\javascript-exercises\\ex1\\ex1.js": {"path":"C:\\Users\\adria.huertas\\Documents\\repos\\javascript-exercises\\ex1\\ex1.js","all":false,"statementMap":{"0":{"start":{"line":1,"column":0},"end":{"line":1,"column":13}},"1":{"start":{"line":2,"column":0},"end":{"line":2,"column":150}},"2":{"start":{"line":3,"column":0},"end":{"line":3,"column":0}},"3":{"start":{"line":4,"column":0},"end":{"line":4,"column":189}},"4":{"start":{"line":5,"column":0},"end":{"line":5,"column":0}},"5":{"start":{"line":6,"column":0},"end":{"line":6,"column":157}},"6":{"start":{"line":7,"column":0},"end":{"line":7,"column":0}},"7":{"start":{"line":8,"column":0},"end":{"line":8,"column":38}},"8":{"start":{"line":9,"column":0},"end":{"line":9,"column":31}},"9":{"start":{"line":10,"column":0},"end":{"line":10,"column":0}},"10":{"start":{"line":11,"column":0},"end":{"line":11,"column":20}},"11":{"start":{"line":12,"column":0},"end":{"line":12,"column":2}},"12":{"start":{"line":13,"column":0},"end":{"line":13,"column":24}},"13":{"start":{"line":14,"column":0},"end":{"line":14,"column":27}},"14":{"start":{"line":15,"column":0},"end":{"line":15,"column":29}},"15":{"start":{"line":16,"column":0},"end":{"line":16,"column":1}},"16":{"start":{"line":17,"column":0},"end":{"line":17,"column":161}},"17":{"start":{"line":18,"column":0},"end":{"line":18,"column":0}},"18":{"start":{"line":19,"column":0},"end":{"line":19,"column":50}},"19":{"start":{"line":20,"column":0},"end":{"line":20,"column":0}},"20":{"start":{"line":21,"column":0},"end":{"line":21,"column":151}},"21":{"start":{"line":22,"column":0},"end":{"line":22,"column":0}},"22":{"start":{"line":23,"column":0},"end":{"line":23,"column":46}},"23":{"start":{"line":24,"column":0},"end":{"line":24,"column":2}},"24":{"start":{"line":25,"column":0},"end":{"line":25,"column":0}},"25":{"start":{"line":26,"column":0},"end":{"line":26,"column":41}},"26":{"start":{"line":27,"column":0},"end":{"line":27,"column":23}},"27":{"start":{"line":28,"column":0},"end":{"line":28,"column":19}},"28":{"start":{"line":29,"column":0},"end":{"line":29,"column":42}},"29":{"start":{"line":30,"column":0},"end":{"line":30,"column":38}},"30":{"start":{"line":31,"column":0},"end":{"line":31,"column":27}},"31":{"start":{"line":32,"column":0},"end":{"line":32,"column":21}},"32":{"start":{"line":33,"column":0},"end":{"line":33,"column":34}},"33":{"start":{"line":34,"column":0},"end":{"line":34,"column":33}},"34":{"start":{"line":35,"column":0},"end":{"line":35,"column":28}},"35":{"start":{"line":36,"column":0},"end":{"line":36,"column":3}},"36":{"start":{"line":37,"column":0},"end":{"line":37,"column":15}},"37":{"start":{"line":38,"column":0},"end":{"line":38,"column":1}}},"s":{"0":1,"1":1,"2":1,"3":1,"4":1,"5":1,"6":1,"7":1,"8":1,"9":1,"10":1,"11":1,"12":1,"13":1,"14":1,"15":1,"16":1,"17":1,"18":1,"19":1,"20":1,"21":1,"22":1,"23":1,"24":1,"25":1,"26":3,"27":2,"28":3,"29":3,"30":3,"31":3,"32":3,"33":3,"34":3,"35":3,"36":2,"37":2},"branchMap":{"0":{"type":"branch","line":26,"loc":{"start":{"line":26,"column":15},"end":{"line":38,"column":1}},"locations":[{"start":{"line":26,"column":15},"end":{"line":38,"column":1}}]},"1":{"type":"branch","line":27,"loc":{"start":{"line":27,"column":14},"end":{"line":27,"column":23}},"locations":[{"start":{"line":27,"column":14},"end":{"line":27,"column":23}}]},"2":{"type":"branch","line":28,"loc":{"start":{"line":28,"column":-2},"end":{"line":29,"column":41}},"locations":[{"start":{"line":28,"column":-2},"end":{"line":29,"column":41}}]},"3":{"type":"branch","line":37,"loc":{"start":{"line":37,"column":-2},"end":{"line":38,"column":1}},"locations":[{"start":{"line":37,"column":-2},"end":{"line":38,"column":1}}]}},"b":{"0":[3],"1":[1],"2":[2],"3":[2]},"fnMap":{"0":{"name":"wrapping","decl":{"start":{"line":26,"column":15},"end":{"line":38,"column":1}},"loc":{"start":{"line":26,"column":15},"end":{"line":38,"column":1}},"line":26}},"f":{"0":3}}
,"C:\\Users\\adria.huertas\\Documents\\repos\\javascript-exercises\\ex2\\ex2.js": {"path":"C:\\Users\\adria.huertas\\Documents\\repos\\javascript-exercises\\ex2\\ex2.js","all":false,"statementMap":{"0":{"start":{"line":1,"column":0},"end":{"line":1,"column":2}},"1":{"start":{"line":2,"column":0},"end":{"line":2,"column":219}},"2":{"start":{"line":3,"column":0},"end":{"line":3,"column":0}},"3":{"start":{"line":4,"column":0},"end":{"line":4,"column":201}},"4":{"start":{"line":5,"column":0},"end":{"line":5,"column":0}},"5":{"start":{"line":6,"column":0},"end":{"line":6,"column":148}},"6":{"start":{"line":7,"column":0},"end":{"line":7,"column":0}},"7":{"start":{"line":8,"column":0},"end":{"line":8,"column":116}},"8":{"start":{"line":9,"column":0},"end":{"line":9,"column":0}},"9":{"start":{"line":10,"column":0},"end":{"line":10,"column":17}},"10":{"start":{"line":11,"column":0},"end":{"line":11,"column":61}},"11":{"start":{"line":12,"column":0},"end":{"line":12,"column":0}},"12":{"start":{"line":13,"column":0},"end":{"line":13,"column":42}},"13":{"start":{"line":14,"column":0},"end":{"line":14,"column":46}},"14":{"start":{"line":15,"column":0},"end":{"line":15,"column":54}},"15":{"start":{"line":16,"column":0},"end":{"line":16,"column":0}},"16":{"start":{"line":17,"column":0},"end":{"line":17,"column":63}},"17":{"start":{"line":18,"column":0},"end":{"line":18,"column":0}},"18":{"start":{"line":19,"column":0},"end":{"line":19,"column":35}},"19":{"start":{"line":20,"column":0},"end":{"line":20,"column":0}},"20":{"start":{"line":21,"column":0},"end":{"line":21,"column":98}},"21":{"start":{"line":22,"column":0},"end":{"line":22,"column":99}},"22":{"start":{"line":23,"column":0},"end":{"line":23,"column":110}},"23":{"start":{"line":24,"column":0},"end":{"line":24,"column":0}},"24":{"start":{"line":25,"column":0},"end":{"line":25,"column":2}},"25":{"start":{"line":26,"column":0},"end":{"line":26,"column":0}},"26":{"start":{"line":27,"column":0},"end":{"line":27,"column":52}},"27":{"start":{"line":28,"column":0},"end":{"line":28,"column":34}},"28":{"start":{"line":29,"column":0},"end":{"line":29,"column":20}},"29":{"start":{"line":30,"column":0},"end":{"line":30,"column":29}},"30":{"start":{"line":31,"column":0},"end":{"line":31,"column":49}},"31":{"start":{"line":32,"column":0},"end":{"line":32,"column":35}},"32":{"start":{"line":33,"column":0},"end":{"line":33,"column":0}},"33":{"start":{"line":34,"column":0},"end":{"line":34,"column":43}},"34":{"start":{"line":35,"column":0},"end":{"line":35,"column":21}},"35":{"start":{"line":36,"column":0},"end":{"line":36,"column":5}},"36":{"start":{"line":37,"column":0},"end":{"line":37,"column":4}},"37":{"start":{"line":38,"column":0},"end":{"line":38,"column":19}},"38":{"start":{"line":39,"column":0},"end":{"line":39,"column":1}}},"s":{"0":1,"1":1,"2":1,"3":1,"4":1,"5":1,"6":1,"7":1,"8":1,"9":1,"10":1,"11":1,"12":1,"13":1,"14":1,"15":1,"16":1,"17":1,"18":1,"19":1,"20":1,"21":1,"22":1,"23":1,"24":1,"25":1,"26":1,"27":7,"28":5,"29":5,"30":7,"31":7,"32":7,"33":7,"34":5,"35":5,"36":5,"37":5,"38":5},"branchMap":{"0":{"type":"branch","line":27,"loc":{"start":{"line":27,"column":15},"end":{"line":39,"column":1}},"locations":[{"start":{"line":27,"column":15},"end":{"line":39,"column":1}}]},"1":{"type":"branch","line":28,"loc":{"start":{"line":28,"column":12},"end":{"line":28,"column":24}},"locations":[{"start":{"line":28,"column":12},"end":{"line":28,"column":24}}]},"2":{"type":"branch","line":28,"loc":{"start":{"line":28,"column":26},"end":{"line":28,"column":34}},"locations":[{"start":{"line":28,"column":26},"end":{"line":28,"column":34}}]},"3":{"type":"branch","line":29,"loc":{"start":{"line":29,"column":-2},"end":{"line":39,"column":1}},"locations":[{"start":{"line":29,"column":-2},"end":{"line":39,"column":1}}]},"4":{"type":"branch","line":30,"loc":{"start":{"line":30,"column":19},"end":{"line":37,"column":3}},"locations":[{"start":{"line":30,"column":19},"end":{"line":37,"column":3}}]},"5":{"type":"branch","line":34,"loc":{"start":{"line":34,"column":23},"end":{"line":34,"column":40}},"locations":[{"start":{"line":34,"column":23},"end":{"line":34,"column":40}}]},"6":{"type":"branch","line":34,"loc":{"start":{"line":34,"column":42},"end":{"line":36,"column":5}},"locations":[{"start":{"line":34,"column":42},"end":{"line":36,"column":5}}]}},"b":{"0":[7],"1":[6],"2":[2],"3":[5],"4":[7],"5":[6],"6":[5]},"fnMap":{"0":{"name":"countHours","decl":{"start":{"line":27,"column":15},"end":{"line":39,"column":1}},"loc":{"start":{"line":27,"column":15},"end":{"line":39,"column":1}},"line":27}},"f":{"0":7}}
,"C:\\Users\\adria.huertas\\Documents\\repos\\javascript-exercises\\ex3\\ex3.js": {"path":"C:\\Users\\adria.huertas\\Documents\\repos\\javascript-exercises\\ex3\\ex3.js","all":false,"statementMap":{"0":{"start":{"line":1,"column":0},"end":{"line":1,"column":65}},"1":{"start":{"line":2,"column":0},"end":{"line":2,"column":42}},"2":{"start":{"line":3,"column":0},"end":{"line":3,"column":0}},"3":{"start":{"line":4,"column":0},"end":{"line":4,"column":35}},"4":{"start":{"line":5,"column":0},"end":{"line":5,"column":47}},"5":{"start":{"line":6,"column":0},"end":{"line":6,"column":37}},"6":{"start":{"line":7,"column":0},"end":{"line":7,"column":5}},"7":{"start":{"line":8,"column":0},"end":{"line":8,"column":3}},"8":{"start":{"line":9,"column":0},"end":{"line":9,"column":31}},"9":{"start":{"line":10,"column":0},"end":{"line":10,"column":43}},"10":{"start":{"line":11,"column":0},"end":{"line":11,"column":49}},"11":{"start":{"line":12,"column":0},"end":{"line":12,"column":5}},"12":{"start":{"line":13,"column":0},"end":{"line":13,"column":3}},"13":{"start":{"line":14,"column":0},"end":{"line":14,"column":0}},"14":{"start":{"line":15,"column":0},"end":{"line":15,"column":75}},"15":{"start":{"line":16,"column":0},"end":{"line":16,"column":0}},"16":{"start":{"line":17,"column":0},"end":{"line":17,"column":26}},"17":{"start":{"line":18,"column":0},"end":{"line":18,"column":1}}},"s":{"0":1,"1":6,"2":4,"3":4,"4":4,"5":4,"6":4,"7":4,"8":4,"9":4,"10":4,"11":4,"12":4,"13":4,"14":4,"15":4,"16":4,"17":4},"branchMap":{"0":{"type":"branch","line":1,"loc":{"start":{"line":1,"column":15},"end":{"line":18,"column":1}},"locations":[{"start":{"line":1,"column":15},"end":{"line":18,"column":1}}]},"1":{"type":"branch","line":2,"loc":{"start":{"line":2,"column":19},"end":{"line":2,"column":32}},"locations":[{"start":{"line":2,"column":19},"end":{"line":2,"column":32}}]},"2":{"type":"branch","line":2,"loc":{"start":{"line":2,"column":34},"end":{"line":2,"column":42}},"locations":[{"start":{"line":2,"column":34},"end":{"line":2,"column":42}}]},"3":{"type":"branch","line":3,"loc":{"start":{"line":3,"column":-2},"end":{"line":18,"column":1}},"locations":[{"start":{"line":3,"column":-2},"end":{"line":18,"column":1}}]},"4":{"type":"branch","line":6,"loc":{"start":{"line":6,"column":4},"end":{"line":6,"column":36}},"locations":[{"start":{"line":6,"column":4},"end":{"line":6,"column":36}}]},"5":{"type":"branch","line":11,"loc":{"start":{"line":11,"column":4},"end":{"line":11,"column":48}},"locations":[{"start":{"line":11,"column":4},"end":{"line":11,"column":48}}]}},"b":{"0":[6],"1":[4],"2":[2],"3":[4],"4":[8],"5":[6]},"fnMap":{"0":{"name":"distributeGifts","decl":{"start":{"line":1,"column":15},"end":{"line":18,"column":1}},"loc":{"start":{"line":1,"column":15},"end":{"line":18,"column":1}},"line":1}},"f":{"0":6}}
}
